  MyForm.cpp
C:\Users\User\Documents\cursos upc\ciclo 2\programacion II\Trabajo final\juegoCovid\juegoCovid\SimboloCruzRoja.h(32,56): warning C4244: 'argumento': conversión de 'double' a 'int'; posible pérdida de datos
C:\Users\User\Documents\cursos upc\ciclo 2\programacion II\Trabajo final\juegoCovid\juegoCovid\SimboloCruzRoja.h(32,42): warning C4244: 'argumento': conversión de 'double' a 'int'; posible pérdida de datos
C:\Users\User\Documents\cursos upc\ciclo 2\programacion II\Trabajo final\juegoCovid\juegoCovid\Jugador.h(66,70): warning C4244: 'argumento': conversión de 'double' a 'int'; posible pérdida de datos
C:\Users\User\Documents\cursos upc\ciclo 2\programacion II\Trabajo final\juegoCovid\juegoCovid\Jugador.h(66,60): warning C4244: 'argumento': conversión de 'double' a 'int'; posible pérdida de datos
C:\Users\User\Documents\cursos upc\ciclo 2\programacion II\Trabajo final\juegoCovid\juegoCovid\MyForm.h(96,14): warning C4244: 'argumento': conversión de 'time_t' a 'unsigned int'; posible pérdida de datos
C:\Users\User\Documents\cursos upc\ciclo 2\programacion II\Trabajo final\juegoCovid\juegoCovid\MyForm.h(639,75): warning C4244: 'argumento': conversión de 'double' a 'int'; posible pérdida de datos
C:\Users\User\Documents\cursos upc\ciclo 2\programacion II\Trabajo final\juegoCovid\juegoCovid\MyForm.h(639,52): warning C4244: 'argumento': conversión de 'double' a 'int'; posible pérdida de datos
C:\Users\User\Documents\cursos upc\ciclo 2\programacion II\Trabajo final\juegoCovid\juegoCovid\MyForm.h(657,91): warning C4244: 'argumento': conversión de 'double' a 'int'; posible pérdida de datos
C:\Users\User\Documents\cursos upc\ciclo 2\programacion II\Trabajo final\juegoCovid\juegoCovid\MyForm.h(657,66): warning C4244: 'argumento': conversión de 'double' a 'int'; posible pérdida de datos
C:\Users\User\Documents\cursos upc\ciclo 2\programacion II\Trabajo final\juegoCovid\juegoCovid\MyForm.h(659,101): warning C4244: 'argumento': conversión de 'double' a 'int'; posible pérdida de datos
C:\Users\User\Documents\cursos upc\ciclo 2\programacion II\Trabajo final\juegoCovid\juegoCovid\MyForm.h(659,71): warning C4244: 'argumento': conversión de 'double' a 'int'; posible pérdida de datos
C:\Users\User\Documents\cursos upc\ciclo 2\programacion II\Trabajo final\juegoCovid\juegoCovid\MyForm.h(661,88): warning C4244: 'argumento': conversión de 'double' a 'int'; posible pérdida de datos
C:\Users\User\Documents\cursos upc\ciclo 2\programacion II\Trabajo final\juegoCovid\juegoCovid\MyForm.h(661,64): warning C4244: 'argumento': conversión de 'double' a 'int'; posible pérdida de datos
C:\Users\User\Documents\cursos upc\ciclo 2\programacion II\Trabajo final\juegoCovid\juegoCovid\MyForm.h(749,75): warning C4244: 'argumento': conversión de 'double' a 'int'; posible pérdida de datos
C:\Users\User\Documents\cursos upc\ciclo 2\programacion II\Trabajo final\juegoCovid\juegoCovid\MyForm.h(749,52): warning C4244: 'argumento': conversión de 'double' a 'int'; posible pérdida de datos
C:\Users\User\Documents\cursos upc\ciclo 2\programacion II\Trabajo final\juegoCovid\juegoCovid\MyForm.h(784,75): warning C4244: 'argumento': conversión de 'double' a 'int'; posible pérdida de datos
C:\Users\User\Documents\cursos upc\ciclo 2\programacion II\Trabajo final\juegoCovid\juegoCovid\MyForm.h(784,52): warning C4244: 'argumento': conversión de 'double' a 'int'; posible pérdida de datos
C:\Users\User\Documents\cursos upc\ciclo 2\programacion II\Trabajo final\juegoCovid\juegoCovid\MyForm.h(815,75): warning C4244: 'argumento': conversión de 'double' a 'int'; posible pérdida de datos
C:\Users\User\Documents\cursos upc\ciclo 2\programacion II\Trabajo final\juegoCovid\juegoCovid\MyForm.h(815,52): warning C4244: 'argumento': conversión de 'double' a 'int'; posible pérdida de datos
C:\Users\User\Documents\cursos upc\ciclo 2\programacion II\Trabajo final\juegoCovid\juegoCovid\MyForm.h(833,79): warning C4244: 'argumento': conversión de 'double' a 'int'; posible pérdida de datos
C:\Users\User\Documents\cursos upc\ciclo 2\programacion II\Trabajo final\juegoCovid\juegoCovid\MyForm.h(833,56): warning C4244: 'argumento': conversión de 'double' a 'int'; posible pérdida de datos
C:\Users\User\Documents\cursos upc\ciclo 2\programacion II\Trabajo final\juegoCovid\juegoCovid\MyForm.h(843,75): warning C4244: 'argumento': conversión de 'double' a 'int'; posible pérdida de datos
C:\Users\User\Documents\cursos upc\ciclo 2\programacion II\Trabajo final\juegoCovid\juegoCovid\MyForm.h(843,52): warning C4244: 'argumento': conversión de 'double' a 'int'; posible pérdida de datos
C:\Users\User\Documents\cursos upc\ciclo 2\programacion II\Trabajo final\juegoCovid\juegoCovid\MyForm.h(845,92): warning C4244: 'argumento': conversión de 'double' a 'int'; posible pérdida de datos
C:\Users\User\Documents\cursos upc\ciclo 2\programacion II\Trabajo final\juegoCovid\juegoCovid\MyForm.h(845,66): warning C4244: 'argumento': conversión de 'double' a 'int'; posible pérdida de datos
  .NETFramework,Version=v4.6.1.AssemblyAttributes.cpp
  Generando código...
  MyForm.obj : se encontró un módulo MSIL; vinculación incremental deshabilitada para MSIL; ejecutando vínculo completo
  juegoCovid.vcxproj -> C:\Users\User\Documents\cursos upc\ciclo 2\programacion II\Trabajo final\juegoCovid\x64\Debug\juegoCovid.exe
